2026-04-04 18:29:45,639 - INFO - Otonom Mod: False
2026-04-04 18:29:51,161 - WARNING - Manuel Komut: Sürü Saldırısı
2026-04-04 18:29:51,161 - CRITICAL - Tick Hatası: 'KalmanTakipYoneticisi' object has no attribute 'guncelle'
2026-04-04 18:29:51,662 - CRITICAL - Tick Hatası: 'KalmanTakipYoneticisi' object has no attribute 'guncelle'
2026-04-04 18:30:14,244 - INFO - Otonom Mod: True
2026-04-04 18:32:17,470 - WARNING - Manuel Komut: Sürü Saldırısı
2026-04-04 18:32:17,470 - CRITICAL - Tick Hatası: 'KalmanTakipYoneticisi' object has no attribute 'guncelle'
2026-04-04 18:32:17,971 - CRITICAL - Tick Hatası: 'KalmanTakipYoneticisi' object has no attribute 'guncelle'
2026-04-04 18:32:18,471 - CRITICAL - Tick Hatası: 'KalmanTakipYoneticisi' object has no attribute 'guncelle'
2026-04-04 18:32:18,972 - CRITICAL - Tick Hatası: 'KalmanTakipYoneticisi' object has no attribute 'guncelle'
2026-04-04 18:32:19,472 - CRITICAL - Tick Hatası: 'KalmanTakipYoneticisi' object has no attribute 'guncelle'
2026-04-04 18:32:19,972 - CRITICAL - Tick Hatası: 'KalmanTakipYoneticisi' object has no attribute 'guncelle'
2026-04-04 18:32:20,473 - CRITICAL - Tick Hatası: 'KalmanTakipYoneticisi' object has no attribute 'guncelle'
2026-04-04 18:32:20,973 - CRITICAL - Tick Hatası: 'KalmanTakipYoneticisi' object has no attribute 'guncelle'
2026-04-04 18:32:21,474 - CRITICAL - Tick Hatası: 'KalmanTakipYoneticisi' object has no attribute 'guncelle'
2026-04-04 18:32:21,974 - CRITICAL - Tick Hatası: 'KalmanTakipYoneticisi' object has no attribute 'guncelle'
2026-04-04 18:32:22,475 - CRITICAL - Tick Hatası: 'KalmanTakipYoneticisi' object has no attribute 'guncelle'
2026-04-04 18:32:22,976 - CRITICAL - Tick Hatası: 'KalmanTakipYoneticisi' object has no attribute 'guncelle'
2026-04-04 18:32:23,477 - CRITICAL - Tick Hatası: 'KalmanTakipYoneticisi' object has no attribute 'guncelle'
2026-04-04 19:34:14,961 - WARNING - Manuel Komut: Sürü Saldırısı
2026-04-04 19:34:14,962 - CRITICAL - Tick Hatası: 'KalmanTakipYoneticisi' object has no attribute 'guncelle'
2026-04-04 19:34:15,463 - CRITICAL - Tick Hatası: 'KalmanTakipYoneticisi' object has no attribute 'guncelle'
2026-04-04 19:34:15,963 - CRITICAL - Tick Hatası: 'KalmanTakipYoneticisi' object has no attribute 'guncelle'
2026-04-04 19:34:16,466 - CRITICAL - Tick Hatası: 'KalmanTakipYoneticisi' object has no attribute 'guncelle'
2026-04-04 19:34:16,968 - CRITICAL - Tick Hatası: 'KalmanTakipYoneticisi' object has no attribute 'guncelle'
2026-04-04 19:34:17,468 - CRITICAL - Tick Hatası: 'KalmanTakipYoneticisi' object has no attribute 'guncelle'
2026-04-04 19:34:17,970 - CRITICAL - Tick Hatası: 'KalmanTakipYoneticisi' object has no attribute 'guncelle'
2026-04-04 19:34:18,472 - CRITICAL - Tick Hatası: 'KalmanTakipYoneticisi' object has no attribute 'guncelle'
2026-04-04 19:34:18,974 - CRITICAL - Tick Hatası: 'KalmanTakipYoneticisi' object has no attribute 'guncelle'
2026-04-04 19:34:19,477 - CRITICAL - Tick Hatası: 'KalmanTakipYoneticisi' object has no attribute 'guncelle'
2026-04-04 19:34:19,977 - CRITICAL - Tick Hatası: 'KalmanTakipYoneticisi' object has no attribute 'guncelle'
2026-04-04 19:34:20,480 - CRITICAL - Tick Hatası: 'KalmanTakipYoneticisi' object has no attribute 'guncelle'
2026-04-04 19:34:20,980 - CRITICAL - Tick Hatası: 'KalmanTakipYoneticisi' object has no attribute 'guncelle'
2026-04-04 19:34:21,484 - CRITICAL - Tick Hatası: 'KalmanTakipYoneticisi' object has no attribute 'guncelle'
2026-04-04 19:34:21,985 - CRITICAL - Tick Hatası: 'KalmanTakipYoneticisi' object has no attribute 'guncelle'
2026-04-04 19:34:22,486 - CRITICAL - Tick Hatası: 'KalmanTakipYoneticisi' object has no attribute 'guncelle'
2026-04-04 19:34:22,988 - CRITICAL - Tick Hatası: 'KalmanTakipYoneticisi' object has no attribute 'guncelle'
2026-04-04 19:34:23,491 - CRITICAL - Tick Hatası: 'KalmanTakipYoneticisi' object has no attribute 'guncelle'
2026-04-04 19:34:23,991 - CRITICAL - Tick Hatası: 'KalmanTakipYoneticisi' object has no attribute 'guncelle'
2026-04-04 19:34:24,495 - CRITICAL - Tick Hatası: 'KalmanTakipYoneticisi' object has no attribute 'guncelle'
2026-04-04 19:34:24,996 - CRITICAL - Tick Hatası: 'KalmanTakipYoneticisi' object has no attribute 'guncelle'
2026-04-04 19:34:25,496 - CRITICAL - Tick Hatası: 'KalmanTakipYoneticisi' object has no attribute 'guncelle'
2026-04-04 19:34:25,998 - CRITICAL - Tick Hatası: 'KalmanTakipYoneticisi' object has no attribute 'guncelle'
2026-04-04 19:34:26,499 - CRITICAL - Tick Hatası: 'KalmanTakipYoneticisi' object has no attribute 'guncelle'
2026-04-04 19:34:27,001 - CRITICAL - Tick Hatası: 'KalmanTakipYoneticisi' object has no attribute 'guncelle'
2026-04-04 19:34:27,503 - CRITICAL - Tick Hatası: 'KalmanTakipYoneticisi' object has no attribute 'guncelle'
2026-04-04 19:34:28,005 - CRITICAL - Tick Hatası: 'KalmanTakipYoneticisi' object has no attribute 'guncelle'
2026-04-04 19:34:28,506 - CRITICAL - Tick Hatası: 'KalmanTakipYoneticisi' object has no attribute 'guncelle'
2026-04-04 19:34:29,009 - CRITICAL - Tick Hatası: 'KalmanTakipYoneticisi' object has no attribute 'guncelle'
2026-04-04 19:34:29,510 - CRITICAL - Tick Hatası: 'KalmanTakipYoneticisi' object has no attribute 'guncelle'
2026-04-04 19:34:30,011 - CRITICAL - Tick Hatası: 'KalmanTakipYoneticisi' object has no attribute 'guncelle'
2026-04-04 19:34:30,513 - CRITICAL - Tick Hatası: 'KalmanTakipYoneticisi' object has no attribute 'guncelle'
2026-04-04 19:34:31,014 - CRITICAL - Tick Hatası: 'KalmanTakipYoneticisi' object has no attribute 'guncelle'
2026-04-04 19:34:31,516 - CRITICAL - Tick Hatası: 'KalmanTakipYoneticisi' object has no attribute 'guncelle'
2026-04-04 19:34:32,021 - CRITICAL - Tick Hatası: 'KalmanTakipYoneticisi' object has no attribute 'guncelle'
2026-04-04 19:34:32,521 - CRITICAL - Tick Hatası: 'KalmanTakipYoneticisi' object has no attribute 'guncelle'
2026-04-04 19:34:33,024 - CRITICAL - Tick Hatası: 'KalmanTakipYoneticisi' object has no attribute 'guncelle'
2026-04-04 19:34:33,525 - CRITICAL - Tick Hatası: 'KalmanTakipYoneticisi' object has no attribute 'guncelle'
2026-04-04 19:34:34,028 - CRITICAL - Tick Hatası: 'KalmanTakipYoneticisi' object has no attribute 'guncelle'
2026-04-04 19:34:34,530 - CRITICAL - Tick Hatası: 'KalmanTakipYoneticisi' object has no attribute 'guncelle'
2026-04-04 19:34:35,030 - CRITICAL - Tick Hatası: 'KalmanTakipYoneticisi' object has no attribute 'guncelle'
2026-04-04 19:34:35,533 - CRITICAL - Tick Hatası: 'KalmanTakipYoneticisi' object has no attribute 'guncelle'
2026-04-04 19:34:36,034 - CRITICAL - Tick Hatası: 'KalmanTakipYoneticisi' object has no attribute 'guncelle'
2026-04-04 19:34:36,535 - CRITICAL - Tick Hatası: 'KalmanTakipYoneticisi' object has no attribute 'guncelle'
2026-04-04 19:34:37,036 - CRITICAL - Tick Hatası: 'KalmanTakipYoneticisi' object has no attribute 'guncelle'
2026-04-04 19:34:37,538 - CRITICAL - Tick Hatası: 'KalmanTakipYoneticisi' object has no attribute 'guncelle'
2026-04-04 19:34:38,041 - CRITICAL - Tick Hatası: 'KalmanTakipYoneticisi' object has no attribute 'guncelle'
2026-04-04 19:34:38,542 - CRITICAL - Tick Hatası: 'KalmanTakipYoneticisi' object has no attribute 'guncelle'
2026-04-04 19:34:39,045 - CRITICAL - Tick Hatası: 'KalmanTakipYoneticisi' object has no attribute 'guncelle'
2026-04-04 19:34:39,545 - CRITICAL - Tick Hatası: 'KalmanTakipYoneticisi' object has no attribute 'guncelle'
2026-04-04 19:34:40,047 - CRITICAL - Tick Hatası: 'KalmanTakipYoneticisi' object has no attribute 'guncelle'
2026-04-04 19:34:40,548 - CRITICAL - Tick Hatası: 'KalmanTakipYoneticisi' object has no attribute 'guncelle'
2026-04-04 19:34:41,050 - CRITICAL - Tick Hatası: 'KalmanTakipYoneticisi' object has no attribute 'guncelle'
2026-04-04 19:34:41,552 - CRITICAL - Tick Hatası: 'KalmanTakipYoneticisi' object has no attribute 'guncelle'
2026-04-04 19:34:42,054 - CRITICAL - Tick Hatası: 'KalmanTakipYoneticisi' object has no attribute 'guncelle'
2026-04-04 19:34:42,558 - CRITICAL - Tick Hatası: 'KalmanTakipYoneticisi' object has no attribute 'guncelle'
2026-04-04 19:34:43,060 - CRITICAL - Tick Hatası: 'KalmanTakipYoneticisi' object has no attribute 'guncelle'
2026-04-04 19:34:43,560 - CRITICAL - Tick Hatası: 'KalmanTakipYoneticisi' object has no attribute 'guncelle'
2026-04-04 19:34:44,062 - CRITICAL - Tick Hatası: 'KalmanTakipYoneticisi' object has no attribute 'guncelle'
2026-04-04 19:34:44,565 - CRITICAL - Tick Hatası: 'KalmanTakipYoneticisi' object has no attribute 'guncelle'
2026-04-04 19:34:45,065 - CRITICAL - Tick Hatası: 'KalmanTakipYoneticisi' object has no attribute 'guncelle'
2026-04-04 19:34:45,567 - CRITICAL - Tick Hatası: 'KalmanTakipYoneticisi' object has no attribute 'guncelle'
2026-04-04 19:34:46,069 - CRITICAL - Tick Hatası: 'KalmanTakipYoneticisi' object has no attribute 'guncelle'
2026-04-04 19:34:46,571 - CRITICAL - Tick Hatası: 'KalmanTakipYoneticisi' object has no attribute 'guncelle'
2026-04-04 19:34:47,075 - CRITICAL - Tick Hatası: 'KalmanTakipYoneticisi' object has no attribute 'guncelle'
2026-04-04 19:34:47,577 - CRITICAL - Tick Hatası: 'KalmanTakipYoneticisi' object has no attribute 'guncelle'
2026-04-04 19:34:48,077 - CRITICAL - Tick Hatası: 'KalmanTakipYoneticisi' object has no attribute 'guncelle'
2026-04-04 19:34:48,580 - CRITICAL - Tick Hatası: 'KalmanTakipYoneticisi' object has no attribute 'guncelle'
2026-04-04 19:34:49,081 - CRITICAL - Tick Hatası: 'KalmanTakipYoneticisi' object has no attribute 'guncelle'
2026-04-04 19:34:49,581 - CRITICAL - Tick Hatası: 'KalmanTakipYoneticisi' object has no attribute 'guncelle'
2026-04-04 19:34:50,084 - CRITICAL - Tick Hatası: 'KalmanTakipYoneticisi' object has no attribute 'guncelle'
2026-04-04 19:34:50,586 - CRITICAL - Tick Hatası: 'KalmanTakipYoneticisi' object has no attribute 'guncelle'
2026-04-04 19:34:51,086 - CRITICAL - Tick Hatası: 'KalmanTakipYoneticisi' object has no attribute 'guncelle'
2026-04-04 19:34:51,588 - CRITICAL - Tick Hatası: 'KalmanTakipYoneticisi' object has no attribute 'guncelle'
2026-04-04 19:34:52,090 - CRITICAL - Tick Hatası: 'KalmanTakipYoneticisi' object has no attribute 'guncelle'
2026-04-04 19:34:52,593 - CRITICAL - Tick Hatası: 'KalmanTakipYoneticisi' object has no attribute 'guncelle'
2026-04-04 19:34:53,096 - CRITICAL - Tick Hatası: 'KalmanTakipYoneticisi' object has no attribute 'guncelle'
2026-04-04 19:34:53,597 - CRITICAL - Tick Hatası: 'KalmanTakipYoneticisi' object has no attribute 'guncelle'
2026-04-04 19:34:54,099 - CRITICAL - Tick Hatası: 'KalmanTakipYoneticisi' object has no attribute 'guncelle'
2026-04-04 19:34:54,600 - CRITICAL - Tick Hatası: 'KalmanTakipYoneticisi' object has no attribute 'guncelle'
2026-04-04 19:34:55,103 - CRITICAL - Tick Hatası: 'KalmanTakipYoneticisi' object has no attribute 'guncelle'
2026-04-04 19:34:55,604 - CRITICAL - Tick Hatası: 'KalmanTakipYoneticisi' object has no attribute 'guncelle'
2026-04-04 19:34:56,104 - CRITICAL - Tick Hatası: 'KalmanTakipYoneticisi' object has no attribute 'guncelle'
2026-04-04 19:34:56,607 - CRITICAL - Tick Hatası: 'KalmanTakipYoneticisi' object has no attribute 'guncelle'
2026-04-04 19:34:57,108 - CRITICAL - Tick Hatası: 'KalmanTakipYoneticisi' object has no attribute 'guncelle'
2026-04-04 19:34:57,610 - CRITICAL - Tick Hatası: 'KalmanTakipYoneticisi' object has no attribute 'guncelle'
2026-04-04 19:34:58,111 - CRITICAL - Tick Hatası: 'KalmanTakipYoneticisi' object has no attribute 'guncelle'
2026-04-04 19:34:58,613 - CRITICAL - Tick Hatası: 'KalmanTakipYoneticisi' object has no attribute 'guncelle'
2026-04-04 19:34:59,116 - CRITICAL - Tick Hatası: 'KalmanTakipYoneticisi' object has no attribute 'guncelle'
2026-04-04 19:34:59,616 - CRITICAL - Tick Hatası: 'KalmanTakipYoneticisi' object has no attribute 'guncelle'
2026-04-04 19:35:00,120 - CRITICAL - Tick Hatası: 'KalmanTakipYoneticisi' object has no attribute 'guncelle'
2026-04-04 19:35:00,622 - CRITICAL - Tick Hatası: 'KalmanTakipYoneticisi' object has no attribute 'guncelle'
2026-04-04 19:35:01,122 - CRITICAL - Tick Hatası: 'KalmanTakipYoneticisi' object has no attribute 'guncelle'
2026-04-04 19:35:01,623 - CRITICAL - Tick Hatası: 'KalmanTakipYoneticisi' object has no attribute 'guncelle'
2026-04-04 19:35:02,127 - CRITICAL - Tick Hatası: 'KalmanTakipYoneticisi' object has no attribute 'guncelle'
2026-04-04 19:35:02,627 - CRITICAL - Tick Hatası: 'KalmanTakipYoneticisi' object has no attribute 'guncelle'
2026-04-04 19:35:03,130 - CRITICAL - Tick Hatası: 'KalmanTakipYoneticisi' object has no attribute 'guncelle'
2026-04-04 19:35:03,630 - CRITICAL - Tick Hatası: 'KalmanTakipYoneticisi' object has no attribute 'guncelle'
2026-04-04 19:35:04,132 - CRITICAL - Tick Hatası: 'KalmanTakipYoneticisi' object has no attribute 'guncelle'
2026-04-04 19:35:04,635 - CRITICAL - Tick Hatası: 'KalmanTakipYoneticisi' object has no attribute 'guncelle'
2026-04-04 19:35:05,136 - CRITICAL - Tick Hatası: 'KalmanTakipYoneticisi' object has no attribute 'guncelle'
2026-04-04 19:35:05,638 - CRITICAL - Tick Hatası: 'KalmanTakipYoneticisi' object has no attribute 'guncelle'
2026-04-04 19:35:06,138 - CRITICAL - Tick Hatası: 'KalmanTakipYoneticisi' object has no attribute 'guncelle'
2026-04-04 19:35:06,642 - CRITICAL - Tick Hatası: 'KalmanTakipYoneticisi' object has no attribute 'guncelle'
2026-04-04 19:35:07,142 - CRITICAL - Tick Hatası: 'KalmanTakipYoneticisi' object has no attribute 'guncelle'
2026-04-04 19:35:07,645 - CRITICAL - Tick Hatası: 'KalmanTakipYoneticisi' object has no attribute 'guncelle'
2026-04-04 19:35:08,146 - CRITICAL - Tick Hatası: 'KalmanTakipYoneticisi' object has no attribute 'guncelle'
2026-04-04 19:35:08,648 - CRITICAL - Tick Hatası: 'KalmanTakipYoneticisi' object has no attribute 'guncelle'
2026-04-04 19:35:09,149 - CRITICAL - Tick Hatası: 'KalmanTakipYoneticisi' object has no attribute 'guncelle'
2026-04-04 19:35:09,652 - CRITICAL - Tick Hatası: 'KalmanTakipYoneticisi' object has no attribute 'guncelle'
2026-04-04 19:35:10,153 - CRITICAL - Tick Hatası: 'KalmanTakipYoneticisi' object has no attribute 'guncelle'
2026-04-04 19:35:10,656 - CRITICAL - Tick Hatası: 'KalmanTakipYoneticisi' object has no attribute 'guncelle'
2026-04-04 19:35:11,158 - CRITICAL - Tick Hatası: 'KalmanTakipYoneticisi' object has no attribute 'guncelle'
2026-04-04 19:35:11,659 - CRITICAL - Tick Hatası: 'KalmanTakipYoneticisi' object has no attribute 'guncelle'
2026-04-04 19:35:12,159 - CRITICAL - Tick Hatası: 'KalmanTakipYoneticisi' object has no attribute 'guncelle'
2026-04-04 19:35:12,661 - CRITICAL - Tick Hatası: 'KalmanTakipYoneticisi' object has no attribute 'guncelle'
2026-04-04 19:35:13,162 - CRITICAL - Tick Hatası: 'KalmanTakipYoneticisi' object has no attribute 'guncelle'
2026-04-04 19:35:13,666 - CRITICAL - Tick Hatası: 'KalmanTakipYoneticisi' object has no attribute 'guncelle'
2026-04-04 19:35:14,166 - CRITICAL - Tick Hatası: 'KalmanTakipYoneticisi' object has no attribute 'guncelle'
2026-04-04 19:35:14,668 - CRITICAL - Tick Hatası: 'KalmanTakipYoneticisi' object has no attribute 'guncelle'
2026-04-04 19:35:15,172 - CRITICAL - Tick Hatası: 'KalmanTakipYoneticisi' object has no attribute 'guncelle'
2026-04-04 19:35:15,674 - CRITICAL - Tick Hatası: 'KalmanTakipYoneticisi' object has no attribute 'guncelle'
2026-04-04 19:35:16,176 - CRITICAL - Tick Hatası: 'KalmanTakipYoneticisi' object has no attribute 'guncelle'
2026-04-04 19:35:16,678 - CRITICAL - Tick Hatası: 'KalmanTakipYoneticisi' object has no attribute 'guncelle'
2026-04-04 19:35:17,179 - CRITICAL - Tick Hatası: 'KalmanTakipYoneticisi' object has no attribute 'guncelle'
2026-04-04 19:35:17,682 - CRITICAL - Tick Hatası: 'KalmanTakipYoneticisi' object has no attribute 'guncelle'
2026-04-04 19:35:18,183 - CRITICAL - Tick Hatası: 'KalmanTakipYoneticisi' object has no attribute 'guncelle'
2026-04-04 19:35:18,685 - CRITICAL - Tick Hatası: 'KalmanTakipYoneticisi' object has no attribute 'guncelle'
2026-04-04 19:35:19,185 - CRITICAL - Tick Hatası: 'KalmanTakipYoneticisi' object has no attribute 'guncelle'
2026-04-04 19:35:19,687 - CRITICAL - Tick Hatası: 'KalmanTakipYoneticisi' object has no attribute 'guncelle'
2026-04-04 19:35:20,189 - CRITICAL - Tick Hatası: 'KalmanTakipYoneticisi' object has no attribute 'guncelle'
2026-04-04 19:35:20,691 - CRITICAL - Tick Hatası: 'KalmanTakipYoneticisi' object has no attribute 'guncelle'
2026-04-04 19:35:21,194 - CRITICAL - Tick Hatası: 'KalmanTakipYoneticisi' object has no attribute 'guncelle'
2026-04-04 19:35:21,694 - CRITICAL - Tick Hatası: 'KalmanTakipYoneticisi' object has no attribute 'guncelle'
2026-04-04 19:35:22,197 - CRITICAL - Tick Hatası: 'KalmanTakipYoneticisi' object has no attribute 'guncelle'
2026-04-04 19:35:22,698 - CRITICAL - Tick Hatası: 'KalmanTakipYoneticisi' object has no attribute 'guncelle'
2026-04-04 19:35:23,200 - CRITICAL - Tick Hatası: 'KalmanTakipYoneticisi' object has no attribute 'guncelle'
2026-04-04 19:35:23,701 - CRITICAL - Tick Hatası: 'KalmanTakipYoneticisi' object has no attribute 'guncelle'
2026-04-04 19:35:24,202 - CRITICAL - Tick Hatası: 'KalmanTakipYoneticisi' object has no attribute 'guncelle'
2026-04-04 19:35:24,707 - CRITICAL - Tick Hatası: 'KalmanTakipYoneticisi' object has no attribute 'guncelle'
2026-04-04 19:35:25,207 - CRITICAL - Tick Hatası: 'KalmanTakipYoneticisi' object has no attribute 'guncelle'
2026-04-04 19:35:25,709 - CRITICAL - Tick Hatası: 'KalmanTakipYoneticisi' object has no attribute 'guncelle'
2026-04-04 19:35:26,211 - CRITICAL - Tick Hatası: 'KalmanTakipYoneticisi' object has no attribute 'guncelle'
2026-04-04 19:35:26,714 - CRITICAL - Tick Hatası: 'KalmanTakipYoneticisi' object has no attribute 'guncelle'
2026-04-04 19:35:27,216 - CRITICAL - Tick Hatası: 'KalmanTakipYoneticisi' object has no attribute 'guncelle'
2026-04-04 19:35:27,718 - CRITICAL - Tick Hatası: 'KalmanTakipYoneticisi' object has no attribute 'guncelle'
2026-04-04 19:35:28,219 - CRITICAL - Tick Hatası: 'KalmanTakipYoneticisi' object has no attribute 'guncelle'
2026-04-04 19:35:28,723 - CRITICAL - Tick Hatası: 'KalmanTakipYoneticisi' object has no attribute 'guncelle'
2026-04-04 19:35:29,225 - CRITICAL - Tick Hatası: 'KalmanTakipYoneticisi' object has no attribute 'guncelle'
2026-04-04 19:35:29,728 - CRITICAL - Tick Hatası: 'KalmanTakipYoneticisi' object has no attribute 'guncelle'
2026-04-04 19:35:30,228 - CRITICAL - Tick Hatası: 'KalmanTakipYoneticisi' object has no attribute 'guncelle'
2026-04-04 19:35:30,730 - CRITICAL - Tick Hatası: 'KalmanTakipYoneticisi' object has no attribute 'guncelle'
2026-04-04 19:35:31,233 - CRITICAL - Tick Hatası: 'KalmanTakipYoneticisi' object has no attribute 'guncelle'
2026-04-04 19:35:31,734 - CRITICAL - Tick Hatası: 'KalmanTakipYoneticisi' object has no attribute 'guncelle'
2026-04-04 19:35:32,236 - CRITICAL - Tick Hatası: 'KalmanTakipYoneticisi' object has no attribute 'guncelle'
2026-04-04 19:35:32,738 - CRITICAL - Tick Hatası: 'KalmanTakipYoneticisi' object has no attribute 'guncelle'
2026-04-04 19:35:33,241 - CRITICAL - Tick Hatası: 'KalmanTakipYoneticisi' object has no attribute 'guncelle'
2026-04-04 19:35:33,742 - CRITICAL - Tick Hatası: 'KalmanTakipYoneticisi' object has no attribute 'guncelle'
2026-04-04 19:35:34,243 - CRITICAL - Tick Hatası: 'KalmanTakipYoneticisi' object has no attribute 'guncelle'
2026-04-04 19:35:34,746 - CRITICAL - Tick Hatası: 'KalmanTakipYoneticisi' object has no attribute 'guncelle'
2026-04-04 19:35:35,249 - CRITICAL - Tick Hatası: 'KalmanTakipYoneticisi' object has no attribute 'guncelle'
2026-04-04 19:35:35,751 - CRITICAL - Tick Hatası: 'KalmanTakipYoneticisi' object has no attribute 'guncelle'
2026-04-04 19:35:36,252 - CRITICAL - Tick Hatası: 'KalmanTakipYoneticisi' object has no attribute 'guncelle'
2026-04-04 19:35:36,756 - CRITICAL - Tick Hatası: 'KalmanTakipYoneticisi' object has no attribute 'guncelle'
2026-04-04 19:35:37,259 - CRITICAL - Tick Hatası: 'KalmanTakipYoneticisi' object has no attribute 'guncelle'
2026-04-04 19:35:37,759 - CRITICAL - Tick Hatası: 'KalmanTakipYoneticisi' object has no attribute 'guncelle'
2026-04-04 19:35:38,264 - CRITICAL - Tick Hatası: 'KalmanTakipYoneticisi' object has no attribute 'guncelle'
2026-04-04 19:35:38,766 - CRITICAL - Tick Hatası: 'KalmanTakipYoneticisi' object has no attribute 'guncelle'
2026-04-04 19:35:39,268 - CRITICAL - Tick Hatası: 'KalmanTakipYoneticisi' object has no attribute 'guncelle'
2026-04-04 19:35:39,768 - CRITICAL - Tick Hatası: 'KalmanTakipYoneticisi' object has no attribute 'guncelle'
2026-04-04 19:35:40,270 - CRITICAL - Tick Hatası: 'KalmanTakipYoneticisi' object has no attribute 'guncelle'
2026-04-04 19:35:40,774 - CRITICAL - Tick Hatası: 'KalmanTakipYoneticisi' object has no attribute 'guncelle'
2026-04-04 19:35:41,276 - CRITICAL - Tick Hatası: 'KalmanTakipYoneticisi' object has no attribute 'guncelle'
2026-04-04 19:35:41,777 - CRITICAL - Tick Hatası: 'KalmanTakipYoneticisi' object has no attribute 'guncelle'
2026-04-04 19:35:42,280 - CRITICAL - Tick Hatası: 'KalmanTakipYoneticisi' object has no attribute 'guncelle'
2026-04-04 19:35:42,782 - CRITICAL - Tick Hatası: 'KalmanTakipYoneticisi' object has no attribute 'guncelle'
2026-04-04 19:35:43,284 - CRITICAL - Tick Hatası: 'KalmanTakipYoneticisi' object has no attribute 'guncelle'
2026-04-04 19:35:43,784 - CRITICAL - Tick Hatası: 'KalmanTakipYoneticisi' object has no attribute 'guncelle'
2026-04-04 19:35:44,286 - CRITICAL - Tick Hatası: 'KalmanTakipYoneticisi' object has no attribute 'guncelle'
2026-04-04 19:35:44,790 - CRITICAL - Tick Hatası: 'KalmanTakipYoneticisi' object has no attribute 'guncelle'
2026-04-04 19:35:45,290 - CRITICAL - Tick Hatası: 'KalmanTakipYoneticisi' object has no attribute 'guncelle'
2026-04-04 19:35:45,793 - CRITICAL - Tick Hatası: 'KalmanTakipYoneticisi' object has no attribute 'guncelle'
2026-04-04 19:35:46,295 - CRITICAL - Tick Hatası: 'KalmanTakipYoneticisi' object has no attribute 'guncelle'
2026-04-04 19:35:46,797 - CRITICAL - Tick Hatası: 'KalmanTakipYoneticisi' object has no attribute 'guncelle'
2026-04-04 19:35:47,298 - CRITICAL - Tick Hatası: 'KalmanTakipYoneticisi' object has no attribute 'guncelle'
2026-04-04 19:35:47,800 - CRITICAL - Tick Hatası: 'KalmanTakipYoneticisi' object has no attribute 'guncelle'
2026-04-04 19:35:48,302 - CRITICAL - Tick Hatası: 'KalmanTakipYoneticisi' object has no attribute 'guncelle'
2026-04-04 19:35:48,803 - CRITICAL - Tick Hatası: 'KalmanTakipYoneticisi' object has no attribute 'guncelle'
2026-04-04 19:35:49,306 - CRITICAL - Tick Hatası: 'KalmanTakipYoneticisi' object has no attribute 'guncelle'
2026-04-04 19:35:49,809 - CRITICAL - Tick Hatası: 'KalmanTakipYoneticisi' object has no attribute 'guncelle'
2026-04-04 19:35:50,309 - CRITICAL - Tick Hatası: 'KalmanTakipYoneticisi' object has no attribute 'guncelle'
2026-04-04 19:35:50,811 - CRITICAL - Tick Hatası: 'KalmanTakipYoneticisi' object has no attribute 'guncelle'
2026-04-04 19:35:51,313 - CRITICAL - Tick Hatası: 'KalmanTakipYoneticisi' object has no attribute 'guncelle'
2026-04-04 19:35:51,815 - CRITICAL - Tick Hatası: 'KalmanTakipYoneticisi' object has no attribute 'guncelle'
2026-04-04 19:35:52,316 - CRITICAL - Tick Hatası: 'KalmanTakipYoneticisi' object has no attribute 'guncelle'
2026-04-04 19:35:52,820 - CRITICAL - Tick Hatası: 'KalmanTakipYoneticisi' object has no attribute 'guncelle'
2026-04-04 19:35:53,322 - CRITICAL - Tick Hatası: 'KalmanTakipYoneticisi' object has no attribute 'guncelle'
2026-04-04 19:35:53,825 - CRITICAL - Tick Hatası: 'KalmanTakipYoneticisi' object has no attribute 'guncelle'
2026-04-04 19:35:54,325 - CRITICAL - Tick Hatası: 'KalmanTakipYoneticisi' object has no attribute 'guncelle'
2026-04-04 19:35:54,827 - CRITICAL - Tick Hatası: 'KalmanTakipYoneticisi' object has no attribute 'guncelle'
2026-04-04 19:35:55,329 - CRITICAL - Tick Hatası: 'KalmanTakipYoneticisi' object has no attribute 'guncelle'
2026-04-04 19:35:55,832 - CRITICAL - Tick Hatası: 'KalmanTakipYoneticisi' object has no attribute 'guncelle'
2026-04-04 19:35:56,332 - CRITICAL - Tick Hatası: 'KalmanTakipYoneticisi' object has no attribute 'guncelle'
2026-04-04 19:35:56,836 - CRITICAL - Tick Hatası: 'KalmanTakipYoneticisi' object has no attribute 'guncelle'
2026-04-04 19:35:57,337 - CRITICAL - Tick Hatası: 'KalmanTakipYoneticisi' object has no attribute 'guncelle'
2026-04-04 19:35:57,839 - CRITICAL - Tick Hatası: 'KalmanTakipYoneticisi' object has no attribute 'guncelle'
2026-04-04 19:35:58,342 - CRITICAL - Tick Hatası: 'KalmanTakipYoneticisi' object has no attribute 'guncelle'
2026-04-04 19:35:58,844 - CRITICAL - Tick Hatası: 'KalmanTakipYoneticisi' object has no attribute 'guncelle'
2026-04-04 19:35:59,347 - CRITICAL - Tick Hatası: 'KalmanTakipYoneticisi' object has no attribute 'guncelle'
2026-04-04 19:35:59,848 - CRITICAL - Tick Hatası: 'KalmanTakipYoneticisi' object has no attribute 'guncelle'
2026-04-04 19:36:00,350 - CRITICAL - Tick Hatası: 'KalmanTakipYoneticisi' object has no attribute 'guncelle'
2026-04-04 19:36:00,853 - CRITICAL - Tick Hatası: 'KalmanTakipYoneticisi' object has no attribute 'guncelle'
2026-04-04 19:36:01,353 - CRITICAL - Tick Hatası: 'KalmanTakipYoneticisi' object has no attribute 'guncelle'
2026-04-04 19:36:01,857 - CRITICAL - Tick Hatası: 'KalmanTakipYoneticisi' object has no attribute 'guncelle'
2026-04-04 19:36:02,359 - CRITICAL - Tick Hatası: 'KalmanTakipYoneticisi' object has no attribute 'guncelle'
2026-04-04 19:36:02,861 - CRITICAL - Tick Hatası: 'KalmanTakipYoneticisi' object has no attribute 'guncelle'
2026-04-04 19:36:03,363 - CRITICAL - Tick Hatası: 'KalmanTakipYoneticisi' object has no attribute 'guncelle'
2026-04-04 19:36:03,866 - CRITICAL - Tick Hatası: 'KalmanTakipYoneticisi' object has no attribute 'guncelle'
2026-04-04 19:36:04,369 - CRITICAL - Tick Hatası: 'KalmanTakipYoneticisi' object has no attribute 'guncelle'
2026-04-04 19:36:04,872 - CRITICAL - Tick Hatası: 'KalmanTakipYoneticisi' object has no attribute 'guncelle'
2026-04-04 19:36:05,372 - CRITICAL - Tick Hatası: 'KalmanTakipYoneticisi' object has no attribute 'guncelle'
2026-04-04 19:36:05,876 - CRITICAL - Tick Hatası: 'KalmanTakipYoneticisi' object has no attribute 'guncelle'
2026-04-04 19:36:06,377 - CRITICAL - Tick Hatası: 'KalmanTakipYoneticisi' object has no attribute 'guncelle'
2026-04-04 19:36:06,880 - CRITICAL - Tick Hatası: 'KalmanTakipYoneticisi' object has no attribute 'guncelle'
2026-04-04 19:36:07,382 - CRITICAL - Tick Hatası: 'KalmanTakipYoneticisi' object has no attribute 'guncelle'
2026-04-04 19:36:07,882 - CRITICAL - Tick Hatası: 'KalmanTakipYoneticisi' object has no attribute 'guncelle'
2026-04-04 19:36:08,386 - CRITICAL - Tick Hatası: 'KalmanTakipYoneticisi' object has no attribute 'guncelle'
2026-04-04 19:36:08,888 - CRITICAL - Tick Hatası: 'KalmanTakipYoneticisi' object has no attribute 'guncelle'
2026-04-04 19:36:09,391 - CRITICAL - Tick Hatası: 'KalmanTakipYoneticisi' object has no attribute 'guncelle'
2026-04-04 19:36:09,891 - CRITICAL - Tick Hatası: 'KalmanTakipYoneticisi' object has no attribute 'guncelle'
2026-04-04 19:36:10,394 - CRITICAL - Tick Hatası: 'KalmanTakipYoneticisi' object has no attribute 'guncelle'
2026-04-04 19:36:10,895 - CRITICAL - Tick Hatası: 'KalmanTakipYoneticisi' object has no attribute 'guncelle'
2026-04-04 19:36:11,397 - CRITICAL - Tick Hatası: 'KalmanTakipYoneticisi' object has no attribute 'guncelle'
2026-04-04 19:36:11,898 - CRITICAL - Tick Hatası: 'KalmanTakipYoneticisi' object has no attribute 'guncelle'
2026-04-04 19:36:12,402 - CRITICAL - Tick Hatası: 'KalmanTakipYoneticisi' object has no attribute 'guncelle'
2026-04-04 19:36:12,902 - CRITICAL - Tick Hatası: 'KalmanTakipYoneticisi' object has no attribute 'guncelle'
2026-04-04 19:36:13,405 - CRITICAL - Tick Hatası: 'KalmanTakipYoneticisi' object has no attribute 'guncelle'
2026-04-04 19:36:13,908 - CRITICAL - Tick Hatası: 'KalmanTakipYoneticisi' object has no attribute 'guncelle'
2026-04-04 19:36:14,408 - CRITICAL - Tick Hatası: 'KalmanTakipYoneticisi' object has no attribute 'guncelle'
2026-04-04 19:36:14,912 - CRITICAL - Tick Hatası: 'KalmanTakipYoneticisi' object has no attribute 'guncelle'
2026-04-04 19:36:15,414 - CRITICAL - Tick Hatası: 'KalmanTakipYoneticisi' object has no attribute 'guncelle'
2026-04-04 19:36:15,916 - CRITICAL - Tick Hatası: 'KalmanTakipYoneticisi' object has no attribute 'guncelle'
2026-04-04 19:36:16,416 - CRITICAL - Tick Hatası: 'KalmanTakipYoneticisi' object has no attribute 'guncelle'
2026-04-04 19:36:16,918 - CRITICAL - Tick Hatası: 'KalmanTakipYoneticisi' object has no attribute 'guncelle'
2026-04-04 19:36:17,419 - CRITICAL - Tick Hatası: 'KalmanTakipYoneticisi' object has no attribute 'guncelle'
2026-04-04 19:36:17,922 - CRITICAL - Tick Hatası: 'KalmanTakipYoneticisi' object has no attribute 'guncelle'
2026-04-04 19:36:18,424 - CRITICAL - Tick Hatası: 'KalmanTakipYoneticisi' object has no attribute 'guncelle'
2026-04-04 19:36:18,926 - CRITICAL - Tick Hatası: 'KalmanTakipYoneticisi' object has no attribute 'guncelle'
2026-04-04 19:36:19,430 - CRITICAL - Tick Hatası: 'KalmanTakipYoneticisi' object has no attribute 'guncelle'
2026-04-04 19:36:19,932 - CRITICAL - Tick Hatası: 'KalmanTakipYoneticisi' object has no attribute 'guncelle'
2026-04-04 19:36:20,434 - CRITICAL - Tick Hatası: 'KalmanTakipYoneticisi' object has no attribute 'guncelle'
2026-04-04 19:36:20,936 - CRITICAL - Tick Hatası: 'KalmanTakipYoneticisi' object has no attribute 'guncelle'
2026-04-04 19:36:21,438 - CRITICAL - Tick Hatası: 'KalmanTakipYoneticisi' object has no attribute 'guncelle'
2026-04-04 19:36:21,939 - CRITICAL - Tick Hatası: 'KalmanTakipYoneticisi' object has no attribute 'guncelle'
2026-04-04 19:36:22,442 - CRITICAL - Tick Hatası: 'KalmanTakipYoneticisi' object has no attribute 'guncelle'
2026-04-04 19:36:22,942 - CRITICAL - Tick Hatası: 'KalmanTakipYoneticisi' object has no attribute 'guncelle'
2026-04-04 19:36:23,445 - CRITICAL - Tick Hatası: 'KalmanTakipYoneticisi' object has no attribute 'guncelle'
2026-04-04 19:36:23,947 - CRITICAL - Tick Hatası: 'KalmanTakipYoneticisi' object has no attribute 'guncelle'
2026-04-04 19:36:24,447 - CRITICAL - Tick Hatası: 'KalmanTakipYoneticisi' object has no attribute 'guncelle'
2026-04-04 19:36:24,951 - CRITICAL - Tick Hatası: 'KalmanTakipYoneticisi' object has no attribute 'guncelle'
2026-04-04 19:36:25,453 - CRITICAL - Tick Hatası: 'KalmanTakipYoneticisi' object has no attribute 'guncelle'
2026-04-04 19:36:25,954 - CRITICAL - Tick Hatası: 'KalmanTakipYoneticisi' object has no attribute 'guncelle'
2026-04-04 19:36:26,458 - CRITICAL - Tick Hatası: 'KalmanTakipYoneticisi' object has no attribute 'guncelle'
2026-04-04 19:36:26,960 - CRITICAL - Tick Hatası: 'KalmanTakipYoneticisi' object has no attribute 'guncelle'
2026-04-04 19:36:27,462 - CRITICAL - Tick Hatası: 'KalmanTakipYoneticisi' object has no attribute 'guncelle'
2026-04-04 19:36:27,963 - CRITICAL - Tick Hatası: 'KalmanTakipYoneticisi' object has no attribute 'guncelle'
2026-04-04 19:36:28,466 - CRITICAL - Tick Hatası: 'KalmanTakipYoneticisi' object has no attribute 'guncelle'
2026-04-04 19:36:28,966 - CRITICAL - Tick Hatası: 'KalmanTakipYoneticisi' object has no attribute 'guncelle'
2026-04-04 19:36:29,469 - CRITICAL - Tick Hatası: 'KalmanTakipYoneticisi' object has no attribute 'guncelle'
2026-04-04 19:36:29,971 - CRITICAL - Tick Hatası: 'KalmanTakipYoneticisi' object has no attribute 'guncelle'
2026-04-04 19:36:30,472 - CRITICAL - Tick Hatası: 'KalmanTakipYoneticisi' object has no attribute 'guncelle'
2026-04-04 19:36:30,975 - CRITICAL - Tick Hatası: 'KalmanTakipYoneticisi' object has no attribute 'guncelle'
2026-04-04 19:36:31,477 - CRITICAL - Tick Hatası: 'KalmanTakipYoneticisi' object has no attribute 'guncelle'
2026-04-04 19:36:31,979 - CRITICAL - Tick Hatası: 'KalmanTakipYoneticisi' object has no attribute 'guncelle'
2026-04-04 19:36:32,481 - CRITICAL - Tick Hatası: 'KalmanTakipYoneticisi' object has no attribute 'guncelle'
2026-04-04 19:36:32,981 - CRITICAL - Tick Hatası: 'KalmanTakipYoneticisi' object has no attribute 'guncelle'
2026-04-04 19:36:33,483 - CRITICAL - Tick Hatası: 'KalmanTakipYoneticisi' object has no attribute 'guncelle'
2026-04-04 19:36:33,987 - CRITICAL - Tick Hatası: 'KalmanTakipYoneticisi' object has no attribute 'guncelle'
2026-04-04 19:36:34,490 - CRITICAL - Tick Hatası: 'KalmanTakipYoneticisi' object has no attribute 'guncelle'
2026-04-04 19:36:34,991 - CRITICAL - Tick Hatası: 'KalmanTakipYoneticisi' object has no attribute 'guncelle'
2026-04-04 19:36:35,492 - CRITICAL - Tick Hatası: 'KalmanTakipYoneticisi' object has no attribute 'guncelle'
2026-04-04 19:36:35,995 - CRITICAL - Tick Hatası: 'KalmanTakipYoneticisi' object has no attribute 'guncelle'
2026-04-04 19:36:36,495 - CRITICAL - Tick Hatası: 'KalmanTakipYoneticisi' object has no attribute 'guncelle'
2026-04-04 19:36:36,999 - CRITICAL - Tick Hatası: 'KalmanTakipYoneticisi' object has no attribute 'guncelle'
2026-04-04 19:36:37,499 - CRITICAL - Tick Hatası: 'KalmanTakipYoneticisi' object has no attribute 'guncelle'
2026-04-04 19:36:38,001 - CRITICAL - Tick Hatası: 'KalmanTakipYoneticisi' object has no attribute 'guncelle'
2026-04-04 19:36:38,505 - CRITICAL - Tick Hatası: 'KalmanTakipYoneticisi' object has no attribute 'guncelle'
2026-04-04 19:36:39,006 - CRITICAL - Tick Hatası: 'KalmanTakipYoneticisi' object has no attribute 'guncelle'
2026-04-04 19:36:39,510 - CRITICAL - Tick Hatası: 'KalmanTakipYoneticisi' object has no attribute 'guncelle'
2026-04-04 19:36:40,012 - CRITICAL - Tick Hatası: 'KalmanTakipYoneticisi' object has no attribute 'guncelle'
2026-04-04 19:36:40,512 - CRITICAL - Tick Hatası: 'KalmanTakipYoneticisi' object has no attribute 'guncelle'
2026-04-04 19:36:41,015 - CRITICAL - Tick Hatası: 'KalmanTakipYoneticisi' object has no attribute 'guncelle'
2026-04-04 19:36:41,516 - CRITICAL - Tick Hatası: 'KalmanTakipYoneticisi' object has no attribute 'guncelle'
2026-04-04 19:36:42,019 - CRITICAL - Tick Hatası: 'KalmanTakipYoneticisi' object has no attribute 'guncelle'
2026-04-04 19:36:42,522 - CRITICAL - Tick Hatası: 'KalmanTakipYoneticisi' object has no attribute 'guncelle'
2026-04-04 19:36:43,022 - CRITICAL - Tick Hatası: 'KalmanTakipYoneticisi' object has no attribute 'guncelle'
2026-04-04 19:36:43,525 - CRITICAL - Tick Hatası: 'KalmanTakipYoneticisi' object has no attribute 'guncelle'
2026-04-04 19:36:44,027 - CRITICAL - Tick Hatası: 'KalmanTakipYoneticisi' object has no attribute 'guncelle'
2026-04-04 19:36:44,528 - CRITICAL - Tick Hatası: 'KalmanTakipYoneticisi' object has no attribute 'guncelle'
2026-04-04 19:36:45,032 - CRITICAL - Tick Hatası: 'KalmanTakipYoneticisi' object has no attribute 'guncelle'
2026-04-04 19:36:45,534 - CRITICAL - Tick Hatası: 'KalmanTakipYoneticisi' object has no attribute 'guncelle'
2026-04-04 19:36:46,034 - CRITICAL - Tick Hatası: 'KalmanTakipYoneticisi' object has no attribute 'guncelle'
2026-04-04 19:36:46,537 - CRITICAL - Tick Hatası: 'KalmanTakipYoneticisi' object has no attribute 'guncelle'
2026-04-04 19:36:47,039 - CRITICAL - Tick Hatası: 'KalmanTakipYoneticisi' object has no attribute 'guncelle'
2026-04-04 19:36:47,542 - CRITICAL - Tick Hatası: 'KalmanTakipYoneticisi' object has no attribute 'guncelle'
2026-04-04 19:36:48,044 - CRITICAL - Tick Hatası: 'KalmanTakipYoneticisi' object has no attribute 'guncelle'
2026-04-04 19:36:48,546 - CRITICAL - Tick Hatası: 'KalmanTakipYoneticisi' object has no attribute 'guncelle'
2026-04-04 19:36:49,048 - CRITICAL - Tick Hatası: 'KalmanTakipYoneticisi' object has no attribute 'guncelle'
2026-04-04 19:36:49,548 - CRITICAL - Tick Hatası: 'KalmanTakipYoneticisi' object has no attribute 'guncelle'
2026-04-04 19:36:50,050 - CRITICAL - Tick Hatası: 'KalmanTakipYoneticisi' object has no attribute 'guncelle'
2026-04-04 19:36:50,553 - CRITICAL - Tick Hatası: 'KalmanTakipYoneticisi' object has no attribute 'guncelle'
2026-04-04 19:36:51,057 - CRITICAL - Tick Hatası: 'KalmanTakipYoneticisi' object has no attribute 'guncelle'
2026-04-04 19:36:51,559 - CRITICAL - Tick Hatası: 'KalmanTakipYoneticisi' object has no attribute 'guncelle'
2026-04-04 19:36:52,059 - CRITICAL - Tick Hatası: 'KalmanTakipYoneticisi' object has no attribute 'guncelle'
2026-04-04 19:36:52,562 - CRITICAL - Tick Hatası: 'KalmanTakipYoneticisi' object has no attribute 'guncelle'
2026-04-04 19:36:53,063 - CRITICAL - Tick Hatası: 'KalmanTakipYoneticisi' object has no attribute 'guncelle'
2026-04-04 19:36:53,566 - CRITICAL - Tick Hatası: 'KalmanTakipYoneticisi' object has no attribute 'guncelle'
2026-04-04 19:36:54,066 - CRITICAL - Tick Hatası: 'KalmanTakipYoneticisi' object has no attribute 'guncelle'
2026-04-04 19:36:54,572 - CRITICAL - Tick Hatası: 'KalmanTakipYoneticisi' object has no attribute 'guncelle'
2026-04-04 19:36:55,074 - CRITICAL - Tick Hatası: 'KalmanTakipYoneticisi' object has no attribute 'guncelle'
2026-04-04 19:36:55,574 - CRITICAL - Tick Hatası: 'KalmanTakipYoneticisi' object has no attribute 'guncelle'
2026-04-04 19:36:56,077 - CRITICAL - Tick Hatası: 'KalmanTakipYoneticisi' object has no attribute 'guncelle'
2026-04-04 19:36:56,579 - CRITICAL - Tick Hatası: 'KalmanTakipYoneticisi' object has no attribute 'guncelle'
2026-04-04 19:36:57,081 - CRITICAL - Tick Hatası: 'KalmanTakipYoneticisi' object has no attribute 'guncelle'
2026-04-04 19:36:57,584 - CRITICAL - Tick Hatası: 'KalmanTakipYoneticisi' object has no attribute 'guncelle'
2026-04-04 19:36:58,086 - CRITICAL - Tick Hatası: 'KalmanTakipYoneticisi' object has no attribute 'guncelle'
2026-04-04 19:36:58,588 - CRITICAL - Tick Hatası: 'KalmanTakipYoneticisi' object has no attribute 'guncelle'
2026-04-04 19:36:59,088 - CRITICAL - Tick Hatası: 'KalmanTakipYoneticisi' object has no attribute 'guncelle'
2026-04-04 19:36:59,590 - CRITICAL - Tick Hatası: 'KalmanTakipYoneticisi' object has no attribute 'guncelle'
2026-04-04 19:37:00,091 - CRITICAL - Tick Hatası: 'KalmanTakipYoneticisi' object has no attribute 'guncelle'
2026-04-04 19:37:00,594 - CRITICAL - Tick Hatası: 'KalmanTakipYoneticisi' object has no attribute 'guncelle'
2026-04-04 19:37:01,096 - CRITICAL - Tick Hatası: 'KalmanTakipYoneticisi' object has no attribute 'guncelle'
2026-04-04 19:37:01,596 - CRITICAL - Tick Hatası: 'KalmanTakipYoneticisi' object has no attribute 'guncelle'
2026-04-04 19:37:02,098 - CRITICAL - Tick Hatası: 'KalmanTakipYoneticisi' object has no attribute 'guncelle'
2026-04-04 19:37:02,600 - CRITICAL - Tick Hatası: 'KalmanTakipYoneticisi' object has no attribute 'guncelle'
2026-04-04 19:37:03,104 - CRITICAL - Tick Hatası: 'KalmanTakipYoneticisi' object has no attribute 'guncelle'
2026-04-04 19:37:03,606 - CRITICAL - Tick Hatası: 'KalmanTakipYoneticisi' object has no attribute 'guncelle'
2026-04-04 19:37:04,108 - CRITICAL - Tick Hatası: 'KalmanTakipYoneticisi' object has no attribute 'guncelle'
2026-04-04 19:37:04,610 - CRITICAL - Tick Hatası: 'KalmanTakipYoneticisi' object has no attribute 'guncelle'
2026-04-04 19:37:05,112 - CRITICAL - Tick Hatası: 'KalmanTakipYoneticisi' object has no attribute 'guncelle'
2026-04-04 19:37:05,614 - CRITICAL - Tick Hatası: 'KalmanTakipYoneticisi' object has no attribute 'guncelle'
2026-04-04 19:37:06,116 - CRITICAL - Tick Hatası: 'KalmanTakipYoneticisi' object has no attribute 'guncelle'
2026-04-04 19:37:06,617 - CRITICAL - Tick Hatası: 'KalmanTakipYoneticisi' object has no attribute 'guncelle'
2026-04-04 19:37:07,119 - CRITICAL - Tick Hatası: 'KalmanTakipYoneticisi' object has no attribute 'guncelle'
2026-04-04 19:37:07,624 - CRITICAL - Tick Hatası: 'KalmanTakipYoneticisi' object has no attribute 'guncelle'
2026-04-04 19:37:08,125 - CRITICAL - Tick Hatası: 'KalmanTakipYoneticisi' object has no attribute 'guncelle'
2026-04-04 19:37:08,627 - CRITICAL - Tick Hatası: 'KalmanTakipYoneticisi' object has no attribute 'guncelle'
2026-04-04 19:37:09,129 - CRITICAL - Tick Hatası: 'KalmanTakipYoneticisi' object has no attribute 'guncelle'
2026-04-04 19:37:09,631 - CRITICAL - Tick Hatası: 'KalmanTakipYoneticisi' object has no attribute 'guncelle'
2026-04-04 19:37:10,133 - CRITICAL - Tick Hatası: 'KalmanTakipYoneticisi' object has no attribute 'guncelle'
2026-04-04 19:37:10,636 - CRITICAL - Tick Hatası: 'KalmanTakipYoneticisi' object has no attribute 'guncelle'
2026-04-04 19:37:11,138 - CRITICAL - Tick Hatası: 'KalmanTakipYoneticisi' object has no attribute 'guncelle'
2026-04-04 19:37:11,640 - CRITICAL - Tick Hatası: 'KalmanTakipYoneticisi' object has no attribute 'guncelle'
2026-04-04 19:37:12,142 - CRITICAL - Tick Hatası: 'KalmanTakipYoneticisi' object has no attribute 'guncelle'
2026-04-04 19:37:12,644 - CRITICAL - Tick Hatası: 'KalmanTakipYoneticisi' object has no attribute 'guncelle'
2026-04-04 19:37:13,144 - CRITICAL - Tick Hatası: 'KalmanTakipYoneticisi' object has no attribute 'guncelle'
2026-04-04 19:37:13,647 - CRITICAL - Tick Hatası: 'KalmanTakipYoneticisi' object has no attribute 'guncelle'
2026-04-04 19:37:14,148 - CRITICAL - Tick Hatası: 'KalmanTakipYoneticisi' object has no attribute 'guncelle'
2026-04-04 19:37:14,653 - CRITICAL - Tick Hatası: 'KalmanTakipYoneticisi' object has no attribute 'guncelle'
2026-04-04 19:37:15,155 - CRITICAL - Tick Hatası: 'KalmanTakipYoneticisi' object has no attribute 'guncelle'
2026-04-04 19:37:15,655 - CRITICAL - Tick Hatası: 'KalmanTakipYoneticisi' object has no attribute 'guncelle'
2026-04-04 19:37:16,157 - CRITICAL - Tick Hatası: 'KalmanTakipYoneticisi' object has no attribute 'guncelle'
2026-04-04 19:37:16,660 - CRITICAL - Tick Hatası: 'KalmanTakipYoneticisi' object has no attribute 'guncelle'
2026-04-04 19:37:17,161 - CRITICAL - Tick Hatası: 'KalmanTakipYoneticisi' object has no attribute 'guncelle'
2026-04-04 19:37:17,663 - CRITICAL - Tick Hatası: 'KalmanTakipYoneticisi' object has no attribute 'guncelle'
2026-04-04 19:37:18,166 - CRITICAL - Tick Hatası: 'KalmanTakipYoneticisi' object has no attribute 'guncelle'
2026-04-04 19:37:18,669 - CRITICAL - Tick Hatası: 'KalmanTakipYoneticisi' object has no attribute 'guncelle'
2026-04-04 19:37:19,170 - CRITICAL - Tick Hatası: 'KalmanTakipYoneticisi' object has no attribute 'guncelle'
2026-04-04 19:37:19,674 - CRITICAL - Tick Hatası: 'KalmanTakipYoneticisi' object has no attribute 'guncelle'
2026-04-04 19:37:20,174 - CRITICAL - Tick Hatası: 'KalmanTakipYoneticisi' object has no attribute 'guncelle'
2026-04-04 19:37:20,677 - CRITICAL - Tick Hatası: 'KalmanTakipYoneticisi' object has no attribute 'guncelle'
2026-04-04 19:37:21,181 - CRITICAL - Tick Hatası: 'KalmanTakipYoneticisi' object has no attribute 'guncelle'
2026-04-04 19:37:21,681 - CRITICAL - Tick Hatası: 'KalmanTakipYoneticisi' object has no attribute 'guncelle'
2026-04-04 19:37:22,185 - CRITICAL - Tick Hatası: 'KalmanTakipYoneticisi' object has no attribute 'guncelle'
2026-04-04 19:37:22,687 - CRITICAL - Tick Hatası: 'KalmanTakipYoneticisi' object has no attribute 'guncelle'
2026-04-04 19:37:23,188 - CRITICAL - Tick Hatası: 'KalmanTakipYoneticisi' object has no attribute 'guncelle'
2026-04-04 19:37:23,691 - CRITICAL - Tick Hatası: 'KalmanTakipYoneticisi' object has no attribute 'guncelle'
2026-04-04 19:37:24,192 - CRITICAL - Tick Hatası: 'KalmanTakipYoneticisi' object has no attribute 'guncelle'
2026-04-04 19:37:24,694 - CRITICAL - Tick Hatası: 'KalmanTakipYoneticisi' object has no attribute 'guncelle'
2026-04-04 19:37:25,197 - CRITICAL - Tick Hatası: 'KalmanTakipYoneticisi' object has no attribute 'guncelle'
2026-04-04 19:37:25,699 - CRITICAL - Tick Hatası: 'KalmanTakipYoneticisi' object has no attribute 'guncelle'
2026-04-04 19:37:26,201 - CRITICAL - Tick Hatası: 'KalmanTakipYoneticisi' object has no attribute 'guncelle'
2026-04-04 19:37:26,703 - CRITICAL - Tick Hatası: 'KalmanTakipYoneticisi' object has no attribute 'guncelle'
2026-04-04 19:37:27,205 - INFO - Otonom Mod: False
2026-04-04 19:37:27,205 - CRITICAL - Tick Hatası: 'KalmanTakipYoneticisi' object has no attribute 'guncelle'
2026-04-04 19:37:27,707 - CRITICAL - Tick Hatası: 'KalmanTakipYoneticisi' object has no attribute 'guncelle'
2026-04-04 19:37:28,207 - CRITICAL - Tick Hatası: 'KalmanTakipYoneticisi' object has no attribute 'guncelle'
2026-04-04 19:37:28,709 - CRITICAL - Tick Hatası: 'KalmanTakipYoneticisi' object has no attribute 'guncelle'
2026-04-04 19:37:29,212 - CRITICAL - Tick Hatası: 'KalmanTakipYoneticisi' object has no attribute 'guncelle'
2026-04-04 19:37:29,714 - CRITICAL - Tick Hatası: 'KalmanTakipYoneticisi' object has no attribute 'guncelle'
2026-04-04 19:37:30,216 - CRITICAL - Tick Hatası: 'KalmanTakipYoneticisi' object has no attribute 'guncelle'
2026-04-04 19:37:30,718 - CRITICAL - Tick Hatası: 'KalmanTakipYoneticisi' object has no attribute 'guncelle'
2026-04-04 19:37:31,222 - CRITICAL - Tick Hatası: 'KalmanTakipYoneticisi' object has no attribute 'guncelle'
2026-04-04 19:37:31,723 - CRITICAL - Tick Hatası: 'KalmanTakipYoneticisi' object has no attribute 'guncelle'
2026-04-04 19:37:32,224 - CRITICAL - Tick Hatası: 'KalmanTakipYoneticisi' object has no attribute 'guncelle'
2026-04-04 19:37:32,726 - CRITICAL - Tick Hatası: 'KalmanTakipYoneticisi' object has no attribute 'guncelle'
2026-04-04 19:37:33,229 - CRITICAL - Tick Hatası: 'KalmanTakipYoneticisi' object has no attribute 'guncelle'
2026-04-04 19:37:33,731 - CRITICAL - Tick Hatası: 'KalmanTakipYoneticisi' object has no attribute 'guncelle'
2026-04-04 19:37:34,233 - CRITICAL - Tick Hatası: 'KalmanTakipYoneticisi' object has no attribute 'guncelle'
2026-04-04 19:37:34,736 - CRITICAL - Tick Hatası: 'KalmanTakipYoneticisi' object has no attribute 'guncelle'
2026-04-04 19:37:35,238 - CRITICAL - Tick Hatası: 'KalmanTakipYoneticisi' object has no attribute 'guncelle'
2026-04-04 19:37:35,741 - CRITICAL - Tick Hatası: 'KalmanTakipYoneticisi' object has no attribute 'guncelle'
2026-04-04 19:37:36,243 - CRITICAL - Tick Hatası: 'KalmanTakipYoneticisi' object has no attribute 'guncelle'
2026-04-04 19:37:36,746 - CRITICAL - Tick Hatası: 'KalmanTakipYoneticisi' object has no attribute 'guncelle'
2026-04-04 19:37:37,248 - CRITICAL - Tick Hatası: 'KalmanTakipYoneticisi' object has no attribute 'guncelle'
2026-04-04 19:37:37,750 - CRITICAL - Tick Hatası: 'KalmanTakipYoneticisi' object has no attribute 'guncelle'
2026-04-04 19:37:38,250 - CRITICAL - Tick Hatası: 'KalmanTakipYoneticisi' object has no attribute 'guncelle'
2026-04-04 19:37:38,753 - CRITICAL - Tick Hatası: 'KalmanTakipYoneticisi' object has no attribute 'guncelle'
2026-04-04 19:37:39,256 - CRITICAL - Tick Hatası: 'KalmanTakipYoneticisi' object has no attribute 'guncelle'
2026-04-04 19:37:39,757 - CRITICAL - Tick Hatası: 'KalmanTakipYoneticisi' object has no attribute 'guncelle'
2026-04-04 19:37:40,259 - CRITICAL - Tick Hatası: 'KalmanTakipYoneticisi' object has no attribute 'guncelle'
2026-04-04 19:37:40,763 - CRITICAL - Tick Hatası: 'KalmanTakipYoneticisi' object has no attribute 'guncelle'
2026-04-04 19:37:41,263 - CRITICAL - Tick Hatası: 'KalmanTakipYoneticisi' object has no attribute 'guncelle'
2026-04-04 19:37:41,768 - CRITICAL - Tick Hatası: 'KalmanTakipYoneticisi' object has no attribute 'guncelle'
2026-04-04 19:37:42,268 - CRITICAL - Tick Hatası: 'KalmanTakipYoneticisi' object has no attribute 'guncelle'
2026-04-04 19:37:42,772 - CRITICAL - Tick Hatası: 'KalmanTakipYoneticisi' object has no attribute 'guncelle'
2026-04-04 19:37:43,273 - CRITICAL - Tick Hatası: 'KalmanTakipYoneticisi' object has no attribute 'guncelle'
2026-04-04 19:37:43,775 - CRITICAL - Tick Hatası: 'KalmanTakipYoneticisi' object has no attribute 'guncelle'
2026-04-04 19:37:44,278 - CRITICAL - Tick Hatası: 'KalmanTakipYoneticisi' object has no attribute 'guncelle'
2026-04-04 19:37:44,780 - CRITICAL - Tick Hatası: 'KalmanTakipYoneticisi' object has no attribute 'guncelle'
2026-04-04 19:37:45,280 - CRITICAL - Tick Hatası: 'KalmanTakipYoneticisi' object has no attribute 'guncelle'
2026-04-04 19:37:45,782 - CRITICAL - Tick Hatası: 'KalmanTakipYoneticisi' object has no attribute 'guncelle'
2026-04-04 19:37:46,286 - CRITICAL - Tick Hatası: 'KalmanTakipYoneticisi' object has no attribute 'guncelle'
2026-04-04 19:37:46,789 - CRITICAL - Tick Hatası: 'KalmanTakipYoneticisi' object has no attribute 'guncelle'
2026-04-04 19:37:47,289 - CRITICAL - Tick Hatası: 'KalmanTakipYoneticisi' object has no attribute 'guncelle'
2026-04-04 19:37:47,791 - CRITICAL - Tick Hatası: 'KalmanTakipYoneticisi' object has no attribute 'guncelle'
2026-04-04 19:37:48,292 - CRITICAL - Tick Hatası: 'KalmanTakipYoneticisi' object has no attribute 'guncelle'
2026-04-04 19:37:48,794 - CRITICAL - Tick Hatası: 'KalmanTakipYoneticisi' object has no attribute 'guncelle'
2026-04-04 19:37:49,297 - CRITICAL - Tick Hatası: 'KalmanTakipYoneticisi' object has no attribute 'guncelle'
2026-04-04 19:37:49,799 - INFO - Otonom Mod: True
2026-04-04 19:37:49,800 - CRITICAL - Tick Hatası: 'KalmanTakipYoneticisi' object has no attribute 'guncelle'
2026-04-04 19:37:50,301 - CRITICAL - Tick Hatası: 'KalmanTakipYoneticisi' object has no attribute 'guncelle'
2026-04-04 19:37:50,802 - CRITICAL - Tick Hatası: 'KalmanTakipYoneticisi' object has no attribute 'guncelle'
2026-04-04 19:37:51,306 - CRITICAL - Tick Hatası: 'KalmanTakipYoneticisi' object has no attribute 'guncelle'
2026-04-04 19:37:51,807 - CRITICAL - Tick Hatası: 'KalmanTakipYoneticisi' object has no attribute 'guncelle'
2026-04-04 19:37:52,309 - CRITICAL - Tick Hatası: 'KalmanTakipYoneticisi' object has no attribute 'guncelle'
2026-04-04 19:37:52,810 - CRITICAL - Tick Hatası: 'KalmanTakipYoneticisi' object has no attribute 'guncelle'
2026-04-04 19:37:53,311 - CRITICAL - Tick Hatası: 'KalmanTakipYoneticisi' object has no attribute 'guncelle'
2026-04-04 19:37:53,813 - CRITICAL - Tick Hatası: 'KalmanTakipYoneticisi' object has no attribute 'guncelle'
2026-04-04 19:37:54,317 - CRITICAL - Tick Hatası: 'KalmanTakipYoneticisi' object has no attribute 'guncelle'
2026-04-04 19:37:54,817 - CRITICAL - Tick Hatası: 'KalmanTakipYoneticisi' object has no attribute 'guncelle'
2026-04-04 19:37:55,319 - CRITICAL - Tick Hatası: 'KalmanTakipYoneticisi' object has no attribute 'guncelle'
2026-04-04 19:37:55,821 - CRITICAL - Tick Hatası: 'KalmanTakipYoneticisi' object has no attribute 'guncelle'
2026-04-04 19:37:56,323 - CRITICAL - Tick Hatası: 'KalmanTakipYoneticisi' object has no attribute 'guncelle'
2026-04-04 19:37:56,825 - CRITICAL - Tick Hatası: 'KalmanTakipYoneticisi' object has no attribute 'guncelle'
2026-04-04 19:37:57,327 - CRITICAL - Tick Hatası: 'KalmanTakipYoneticisi' object has no attribute 'guncelle'
2026-04-04 19:37:57,828 - CRITICAL - Tick Hatası: 'KalmanTakipYoneticisi' object has no attribute 'guncelle'
2026-04-04 19:37:58,332 - CRITICAL - Tick Hatası: 'KalmanTakipYoneticisi' object has no attribute 'guncelle'
2026-04-04 19:37:58,833 - CRITICAL - Tick Hatası: 'KalmanTakipYoneticisi' object has no attribute 'guncelle'
2026-04-04 19:37:59,333 - CRITICAL - Tick Hatası: 'KalmanTakipYoneticisi' object has no attribute 'guncelle'
2026-04-04 19:37:59,834 - CRITICAL - Tick Hatası: 'KalmanTakipYoneticisi' object has no attribute 'guncelle'
2026-04-04 19:38:00,335 - CRITICAL - Tick Hatası: 'KalmanTakipYoneticisi' object has no attribute 'guncelle'
2026-04-04 19:38:00,835 - CRITICAL - Tick Hatası: 'KalmanTakipYoneticisi' object has no attribute 'guncelle'
2026-04-04 19:38:01,336 - CRITICAL - Tick Hatası: 'KalmanTakipYoneticisi' object has no attribute 'guncelle'
2026-04-04 19:38:01,836 - CRITICAL - Tick Hatası: 'KalmanTakipYoneticisi' object has no attribute 'guncelle'
2026-04-04 19:38:02,336 - CRITICAL - Tick Hatası: 'KalmanTakipYoneticisi' object has no attribute 'guncelle'
2026-04-04 19:38:02,837 - CRITICAL - Tick Hatası: 'KalmanTakipYoneticisi' object has no attribute 'guncelle'
2026-04-04 19:38:03,337 - CRITICAL - Tick Hatası: 'KalmanTakipYoneticisi' object has no attribute 'guncelle'
2026-04-04 19:38:03,838 - CRITICAL - Tick Hatası: 'KalmanTakipYoneticisi' object has no attribute 'guncelle'
2026-04-04 19:38:04,338 - CRITICAL - Tick Hatası: 'KalmanTakipYoneticisi' object has no attribute 'guncelle'
2026-04-04 19:38:04,838 - CRITICAL - Tick Hatası: 'KalmanTakipYoneticisi' object has no attribute 'guncelle'
2026-04-04 19:38:05,339 - CRITICAL - Tick Hatası: 'KalmanTakipYoneticisi' object has no attribute 'guncelle'
2026-04-04 19:38:05,839 - CRITICAL - Tick Hatası: 'KalmanTakipYoneticisi' object has no attribute 'guncelle'
2026-04-04 19:38:06,339 - CRITICAL - Tick Hatası: 'KalmanTakipYoneticisi' object has no attribute 'guncelle'
2026-04-04 19:38:06,840 - CRITICAL - Tick Hatası: 'KalmanTakipYoneticisi' object has no attribute 'guncelle'
2026-04-04 19:38:07,340 - CRITICAL - Tick Hatası: 'KalmanTakipYoneticisi' object has no attribute 'guncelle'
2026-04-04 19:38:07,840 - CRITICAL - Tick Hatası: 'KalmanTakipYoneticisi' object has no attribute 'guncelle'
2026-04-04 19:38:08,341 - CRITICAL - Tick Hatası: 'KalmanTakipYoneticisi' object has no attribute 'guncelle'
2026-04-04 19:38:08,841 - CRITICAL - Tick Hatası: 'KalmanTakipYoneticisi' object has no attribute 'guncelle'
2026-04-04 19:38:09,341 - CRITICAL - Tick Hatası: 'KalmanTakipYoneticisi' object has no attribute 'guncelle'
2026-04-04 19:38:09,842 - CRITICAL - Tick Hatası: 'KalmanTakipYoneticisi' object has no attribute 'guncelle'
2026-04-04 19:38:10,342 - CRITICAL - Tick Hatası: 'KalmanTakipYoneticisi' object has no attribute 'guncelle'
2026-04-04 19:38:10,842 - CRITICAL - Tick Hatası: 'KalmanTakipYoneticisi' object has no attribute 'guncelle'
2026-04-04 19:38:11,343 - CRITICAL - Tick Hatası: 'KalmanTakipYoneticisi' object has no attribute 'guncelle'
2026-04-04 19:38:11,843 - CRITICAL - Tick Hatası: 'KalmanTakipYoneticisi' object has no attribute 'guncelle'
2026-04-04 19:38:12,343 - CRITICAL - Tick Hatası: 'KalmanTakipYoneticisi' object has no attribute 'guncelle'
2026-04-04 19:38:12,844 - CRITICAL - Tick Hatası: 'KalmanTakipYoneticisi' object has no attribute 'guncelle'
2026-04-04 19:38:13,344 - CRITICAL - Tick Hatası: 'KalmanTakipYoneticisi' object has no attribute 'guncelle'
2026-04-04 19:38:13,844 - CRITICAL - Tick Hatası: 'KalmanTakipYoneticisi' object has no attribute 'guncelle'
2026-04-04 19:38:14,345 - CRITICAL - Tick Hatası: 'KalmanTakipYoneticisi' object has no attribute 'guncelle'
2026-04-04 19:38:14,845 - CRITICAL - Tick Hatası: 'KalmanTakipYoneticisi' object has no attribute 'guncelle'
2026-04-04 19:38:15,346 - CRITICAL - Tick Hatası: 'KalmanTakipYoneticisi' object has no attribute 'guncelle'
2026-04-04 19:38:15,846 - CRITICAL - Tick Hatası: 'KalmanTakipYoneticisi' object has no attribute 'guncelle'
2026-04-04 19:38:16,346 - CRITICAL - Tick Hatası: 'KalmanTakipYoneticisi' object has no attribute 'guncelle'
2026-04-04 19:38:16,847 - CRITICAL - Tick Hatası: 'KalmanTakipYoneticisi' object has no attribute 'guncelle'
2026-04-04 19:38:17,347 - CRITICAL - Tick Hatası: 'KalmanTakipYoneticisi' object has no attribute 'guncelle'
2026-04-04 19:38:17,847 - CRITICAL - Tick Hatası: 'KalmanTakipYoneticisi' object has no attribute 'guncelle'
2026-04-04 19:38:18,347 - CRITICAL - Tick Hatası: 'KalmanTakipYoneticisi' object has no attribute 'guncelle'
2026-04-04 19:38:18,848 - CRITICAL - Tick Hatası: 'KalmanTakipYoneticisi' object has no attribute 'guncelle'
2026-04-04 19:38:19,348 - CRITICAL - Tick Hatası: 'KalmanTakipYoneticisi' object has no attribute 'guncelle'
2026-04-04 19:38:19,848 - CRITICAL - Tick Hatası: 'KalmanTakipYoneticisi' object has no attribute 'guncelle'
2026-04-04 19:38:20,349 - CRITICAL - Tick Hatası: 'KalmanTakipYoneticisi' object has no attribute 'guncelle'
2026-04-04 19:38:20,849 - CRITICAL - Tick Hatası: 'KalmanTakipYoneticisi' object has no attribute 'guncelle'
2026-04-04 19:38:21,350 - CRITICAL - Tick Hatası: 'KalmanTakipYoneticisi' object has no attribute 'guncelle'
2026-04-04 19:38:21,850 - CRITICAL - Tick Hatası: 'KalmanTakipYoneticisi' object has no attribute 'guncelle'
2026-04-04 19:38:22,350 - CRITICAL - Tick Hatası: 'KalmanTakipYoneticisi' object has no attribute 'guncelle'
2026-04-04 19:38:22,851 - CRITICAL - Tick Hatası: 'KalmanTakipYoneticisi' object has no attribute 'guncelle'
2026-04-04 19:38:23,351 - CRITICAL - Tick Hatası: 'KalmanTakipYoneticisi' object has no attribute 'guncelle'
2026-04-04 19:38:23,852 - CRITICAL - Tick Hatası: 'KalmanTakipYoneticisi' object has no attribute 'guncelle'
2026-04-04 19:38:24,352 - CRITICAL - Tick Hatası: 'KalmanTakipYoneticisi' object has no attribute 'guncelle'
2026-04-04 19:38:24,852 - CRITICAL - Tick Hatası: 'KalmanTakipYoneticisi' object has no attribute 'guncelle'
2026-04-04 19:38:25,352 - CRITICAL - Tick Hatası: 'KalmanTakipYoneticisi' object has no attribute 'guncelle'
2026-04-04 19:38:25,853 - CRITICAL - Tick Hatası: 'KalmanTakipYoneticisi' object has no attribute 'guncelle'
2026-04-04 19:38:26,353 - CRITICAL - Tick Hatası: 'KalmanTakipYoneticisi' object has no attribute 'guncelle'
2026-04-04 19:38:26,853 - CRITICAL - Tick Hatası: 'KalmanTakipYoneticisi' object has no attribute 'guncelle'
2026-04-04 19:38:27,354 - CRITICAL - Tick Hatası: 'KalmanTakipYoneticisi' object has no attribute 'guncelle'
2026-04-04 19:38:27,854 - CRITICAL - Tick Hatası: 'KalmanTakipYoneticisi' object has no attribute 'guncelle'
2026-04-04 19:38:28,354 - CRITICAL - Tick Hatası: 'KalmanTakipYoneticisi' object has no attribute 'guncelle'
2026-04-04 19:38:28,855 - CRITICAL - Tick Hatası: 'KalmanTakipYoneticisi' object has no attribute 'guncelle'
2026-04-04 19:38:29,355 - CRITICAL - Tick Hatası: 'KalmanTakipYoneticisi' object has no attribute 'guncelle'
2026-04-04 19:38:29,856 - CRITICAL - Tick Hatası: 'KalmanTakipYoneticisi' object has no attribute 'guncelle'
2026-04-04 19:38:30,356 - CRITICAL - Tick Hatası: 'KalmanTakipYoneticisi' object has no attribute 'guncelle'
2026-04-04 19:38:30,856 - CRITICAL - Tick Hatası: 'KalmanTakipYoneticisi' object has no attribute 'guncelle'
2026-04-04 19:38:31,357 - CRITICAL - Tick Hatası: 'KalmanTakipYoneticisi' object has no attribute 'guncelle'
2026-04-04 19:38:31,857 - CRITICAL - Tick Hatası: 'KalmanTakipYoneticisi' object has no attribute 'guncelle'
2026-04-04 19:38:32,357 - CRITICAL - Tick Hatası: 'KalmanTakipYoneticisi' object has no attribute 'guncelle'
2026-04-04 19:38:32,858 - CRITICAL - Tick Hatası: 'KalmanTakipYoneticisi' object has no attribute 'guncelle'
2026-04-04 19:38:33,358 - CRITICAL - Tick Hatası: 'KalmanTakipYoneticisi' object has no attribute 'guncelle'
2026-04-04 19:38:33,859 - CRITICAL - Tick Hatası: 'KalmanTakipYoneticisi' object has no attribute 'guncelle'
2026-04-04 19:38:34,359 - CRITICAL - Tick Hatası: 'KalmanTakipYoneticisi' object has no attribute 'guncelle'
2026-04-04 19:38:34,859 - CRITICAL - Tick Hatası: 'KalmanTakipYoneticisi' object has no attribute 'guncelle'
2026-04-04 19:38:35,360 - CRITICAL - Tick Hatası: 'KalmanTakipYoneticisi' object has no attribute 'guncelle'
2026-04-04 19:38:35,860 - CRITICAL - Tick Hatası: 'KalmanTakipYoneticisi' object has no attribute 'guncelle'
2026-04-04 19:38:36,360 - CRITICAL - Tick Hatası: 'KalmanTakipYoneticisi' object has no attribute 'guncelle'
2026-04-04 19:38:36,861 - CRITICAL - Tick Hatası: 'KalmanTakipYoneticisi' object has no attribute 'guncelle'
2026-04-04 19:38:37,361 - CRITICAL - Tick Hatası: 'KalmanTakipYoneticisi' object has no attribute 'guncelle'
2026-04-04 19:38:37,861 - CRITICAL - Tick Hatası: 'KalmanTakipYoneticisi' object has no attribute 'guncelle'
2026-04-04 19:38:38,362 - CRITICAL - Tick Hatası: 'KalmanTakipYoneticisi' object has no attribute 'guncelle'
2026-04-04 19:38:38,862 - CRITICAL - Tick Hatası: 'KalmanTakipYoneticisi' object has no attribute 'guncelle'
2026-04-04 19:38:39,362 - CRITICAL - Tick Hatası: 'KalmanTakipYoneticisi' object has no attribute 'guncelle'
2026-04-04 19:38:39,863 - CRITICAL - Tick Hatası: 'KalmanTakipYoneticisi' object has no attribute 'guncelle'
2026-04-04 19:38:40,363 - CRITICAL - Tick Hatası: 'KalmanTakipYoneticisi' object has no attribute 'guncelle'
2026-04-04 19:38:40,864 - CRITICAL - Tick Hatası: 'KalmanTakipYoneticisi' object has no attribute 'guncelle'
2026-04-04 19:38:41,364 - CRITICAL - Tick Hatası: 'KalmanTakipYoneticisi' object has no attribute 'guncelle'
2026-04-04 19:38:41,865 - CRITICAL - Tick Hatası: 'KalmanTakipYoneticisi' object has no attribute 'guncelle'
2026-04-04 19:38:42,366 - CRITICAL - Tick Hatası: 'KalmanTakipYoneticisi' object has no attribute 'guncelle'
2026-04-04 19:38:42,866 - CRITICAL - Tick Hatası: 'KalmanTakipYoneticisi' object has no attribute 'guncelle'
2026-04-04 19:38:43,367 - CRITICAL - Tick Hatası: 'KalmanTakipYoneticisi' object has no attribute 'guncelle'
2026-04-04 19:38:43,867 - CRITICAL - Tick Hatası: 'KalmanTakipYoneticisi' object has no attribute 'guncelle'
2026-04-04 19:38:44,367 - CRITICAL - Tick Hatası: 'KalmanTakipYoneticisi' object has no attribute 'guncelle'
2026-04-04 19:38:44,868 - CRITICAL - Tick Hatası: 'KalmanTakipYoneticisi' object has no attribute 'guncelle'
2026-04-04 19:38:45,368 - CRITICAL - Tick Hatası: 'KalmanTakipYoneticisi' object has no attribute 'guncelle'
2026-04-04 19:38:45,868 - CRITICAL - Tick Hatası: 'KalmanTakipYoneticisi' object has no attribute 'guncelle'
2026-04-04 19:38:46,369 - CRITICAL - Tick Hatası: 'KalmanTakipYoneticisi' object has no attribute 'guncelle'
2026-04-04 19:38:46,869 - CRITICAL - Tick Hatası: 'KalmanTakipYoneticisi' object has no attribute 'guncelle'
2026-04-04 19:38:47,369 - CRITICAL - Tick Hatası: 'KalmanTakipYoneticisi' object has no attribute 'guncelle'
2026-04-04 19:38:47,870 - CRITICAL - Tick Hatası: 'KalmanTakipYoneticisi' object has no attribute 'guncelle'
2026-04-04 19:38:48,370 - CRITICAL - Tick Hatası: 'KalmanTakipYoneticisi' object has no attribute 'guncelle'
2026-04-04 19:38:48,870 - CRITICAL - Tick Hatası: 'KalmanTakipYoneticisi' object has no attribute 'guncelle'
2026-04-04 19:38:49,371 - CRITICAL - Tick Hatası: 'KalmanTakipYoneticisi' object has no attribute 'guncelle'
2026-04-04 19:38:49,871 - CRITICAL - Tick Hatası: 'KalmanTakipYoneticisi' object has no attribute 'guncelle'
2026-04-04 19:38:50,372 - CRITICAL - Tick Hatası: 'KalmanTakipYoneticisi' object has no attribute 'guncelle'
2026-04-04 19:38:50,872 - CRITICAL - Tick Hatası: 'KalmanTakipYoneticisi' object has no attribute 'guncelle'
2026-04-04 19:38:51,372 - CRITICAL - Tick Hatası: 'KalmanTakipYoneticisi' object has no attribute 'guncelle'
2026-04-04 19:38:51,873 - CRITICAL - Tick Hatası: 'KalmanTakipYoneticisi' object has no attribute 'guncelle'
2026-04-04 19:38:52,373 - CRITICAL - Tick Hatası: 'KalmanTakipYoneticisi' object has no attribute 'guncelle'
2026-04-04 19:38:52,873 - CRITICAL - Tick Hatası: 'KalmanTakipYoneticisi' object has no attribute 'guncelle'
2026-04-04 19:38:53,373 - CRITICAL - Tick Hatası: 'KalmanTakipYoneticisi' object has no attribute 'guncelle'
2026-04-04 19:38:53,874 - CRITICAL - Tick Hatası: 'KalmanTakipYoneticisi' object has no attribute 'guncelle'
2026-04-04 19:38:54,374 - CRITICAL - Tick Hatası: 'KalmanTakipYoneticisi' object has no attribute 'guncelle'
2026-04-04 19:38:54,874 - CRITICAL - Tick Hatası: 'KalmanTakipYoneticisi' object has no attribute 'guncelle'
2026-04-04 19:38:55,375 - WARNING - Manuel Komut: Sürü Saldırısı
2026-04-04 19:38:55,375 - CRITICAL - Tick Hatası: 'KalmanTakipYoneticisi' object has no attribute 'guncelle'
2026-04-04 19:38:55,875 - CRITICAL - Tick Hatası: 'KalmanTakipYoneticisi' object has no attribute 'guncelle'
2026-04-04 19:38:56,376 - CRITICAL - Tick Hatası: 'KalmanTakipYoneticisi' object has no attribute 'guncelle'
2026-04-04 19:38:56,876 - CRITICAL - Tick Hatası: 'KalmanTakipYoneticisi' object has no attribute 'guncelle'
2026-04-04 19:38:57,377 - CRITICAL - Tick Hatası: 'KalmanTakipYoneticisi' object has no attribute 'guncelle'
2026-04-04 19:38:57,877 - CRITICAL - Tick Hatası: 'KalmanTakipYoneticisi' object has no attribute 'guncelle'
2026-04-04 19:38:58,377 - CRITICAL - Tick Hatası: 'KalmanTakipYoneticisi' object has no attribute 'guncelle'
2026-04-04 19:38:58,878 - CRITICAL - Tick Hatası: 'KalmanTakipYoneticisi' object has no attribute 'guncelle'
2026-04-04 19:38:59,378 - CRITICAL - Tick Hatası: 'KalmanTakipYoneticisi' object has no attribute 'guncelle'
2026-04-04 19:38:59,878 - CRITICAL - Tick Hatası: 'KalmanTakipYoneticisi' object has no attribute 'guncelle'
2026-04-04 19:39:00,379 - CRITICAL - Tick Hatası: 'KalmanTakipYoneticisi' object has no attribute 'guncelle'
2026-04-04 19:39:50,433 - CRITICAL - EMP Patlaması Tetiklendi.
2026-04-04 19:41:48,096 - WARNING - Manuel Komut: Sürü Saldırısı
2026-04-04 19:41:48,096 - CRITICAL - Tick Hatası: 'KalmanTakipYoneticisi' object has no attribute 'guncelle'
2026-04-04 19:41:48,598 - CRITICAL - Tick Hatası: 'KalmanTakipYoneticisi' object has no attribute 'guncelle'
2026-04-04 19:41:49,098 - CRITICAL - Tick Hatası: 'KalmanTakipYoneticisi' object has no attribute 'guncelle'
2026-04-04 19:41:52,613 - INFO - Yarışma Aşaması 2 Aktif.
2026-04-04 19:41:52,613 - CRITICAL - Tick Hatası: 'KalmanTakipYoneticisi' object has no attribute 'guncelle'
2026-04-04 19:41:53,115 - INFO - Yarışma Aşaması 3 Aktif.
2026-04-04 19:41:53,115 - CRITICAL - Tick Hatası: 'KalmanTakipYoneticisi' object has no attribute 'guncelle'
2026-04-04 19:41:53,616 - CRITICAL - Tick Hatası: 'KalmanTakipYoneticisi' object has no attribute 'guncelle'
2026-04-04 19:41:54,116 - INFO - Yarışma Aşaması 1 Aktif.
